<?xml version="1.0" encoding="UTF-8"?>
<!-- Generated by org.testng.reporters.JUnitXMLReporter -->
<testsuite hostname="Prashants-MacBook-Air.local" name="Default test" tests="5" failures="0" timestamp="15 Jan 2019 04:12:03 GMT" time="0.062" errors="0">
  <testcase name="Car1" time="0.015" classname="com.test.Grouping"/>
  <testcase name="Car2" time="0.002" classname="com.test.Grouping"/>
  <testcase name="Scooter1" time="0.002" classname="com.test.Grouping"/>
  <testcase name="Scooter2" time="0.002" classname="com.test.Grouping"/>
  <testcase name="Sedan1" time="0.002" classname="com.test.Grouping"/>
</testsuite> <!-- Default test -->
