<?xml version="1.0" encoding="UTF-8"?>
<!-- Generated by org.testng.reporters.JUnitXMLReporter -->
<testsuite hostname="Prashants-MacBook-Air.local" name="Test" tests="4" failures="1" timestamp="15 Jan 2019 04:14:19 GMT" time="2.205" errors="0">
  <testcase name="closeBrowser" time="0.009" classname="com.test.DriverTest">
    <failure type="java.lang.NullPointerException">
      <![CDATA[java.lang.NullPointerException
	at com.framework.Driver.closeBrowser(Driver.java:33)
	at com.test.DriverTest.closeBrowser(DriverTest.java:86)
... Removed 24 stack frames]]>
    </failure>
  </testcase> <!-- closeBrowser -->
  <testcase name="f" time="0.002" classname="com.test.DriverTest"/>
  <testcase name="f" time="0.002" classname="com.test.DriverTest"/>
  <testcase name="launchBrowser" time="2.153" classname="com.test.DriverTest"/>
</testsuite> <!-- Test -->
